<?xml version="1.0" encoding="UTF-8"?>
<testsuite xmlns:xsi="http://www.w3.org/2001/XMLSchema-instance" xsi:noNamespaceSchemaLocation="https://maven.apache.org/surefire/maven-surefire-plugin/xsd/surefire-test-report-3.0.xsd" version="3.0" name="testrunners.MenuManagementTest" time="0.222" tests="1" errors="0" skipped="0" failures="0">
  <properties>
[...]
</properties>
  <testcase name="Add a menu item" classname="Menu Management" time="0.006">
    <system-out><![CDATA[Step 1
Step 2
Step 3: true
]]></system-out>
  </testcase>
</testsuite>